2023.08.29 10:51:08 INFO  Started: Metals version 1.0.0 in folders '/Users/ryusuke/Downloads/study/data_competition/nishika_金融時系列予測/NishikaFinancialPrediction, /Users/ryusuke/Downloads/study/仕事関連/scala' for client Visual Studio Code 1.81.1.
8月 29, 2023 10:51:08 午前 org.flywaydb.core.internal.license.VersionPrinter printVersionOnly
情報: Flyway Community Edition 9.20.1 by Redgate
8月 29, 2023 10:51:08 午前 org.flywaydb.core.internal.license.VersionPrinter printVersion
情報: See release notes here: https://rd.gt/416ObMi
8月 29, 2023 10:51:08 午前 org.flywaydb.core.internal.license.VersionPrinter printVersion
情報: 
8月 29, 2023 10:51:08 午前 org.flywaydb.core.internal.database.base.BaseDatabaseType createDatabase
情報: Database: jdbc:h2:file:/Users/ryusuke/Downloads/study/data_competition/nishika_金融時系列予測/NishikaFinancialPrediction/.metals/metals (H2 2.1)
8月 29, 2023 10:51:08 午前 org.flywaydb.core.internal.schemahistory.JdbcTableSchemaHistory allAppliedMigrations
情報: Schema history table "PUBLIC"."flyway_schema_history" does not exist yet
8月 29, 2023 10:51:08 午前 org.flywaydb.core.internal.command.DbValidate validate
情報: Successfully validated 4 migrations (execution time 00:00.017s)
8月 29, 2023 10:51:08 午前 org.flywaydb.core.internal.schemahistory.JdbcTableSchemaHistory create
情報: Creating Schema History table "PUBLIC"."flyway_schema_history" ...
8月 29, 2023 10:51:08 午前 org.flywaydb.core.internal.command.DbMigrate migrateGroup
情報: Current version of schema "PUBLIC": << Empty Schema >>
8月 29, 2023 10:51:08 午前 org.flywaydb.core.internal.command.DbMigrate doMigrateGroup
情報: Migrating schema "PUBLIC" to version "1 - Create tables"
8月 29, 2023 10:51:08 午前 org.flywaydb.core.internal.command.DbMigrate doMigrateGroup
情報: Migrating schema "PUBLIC" to version "2 - Server discovery"
8月 29, 2023 10:51:08 午前 org.flywaydb.core.internal.command.DbMigrate doMigrateGroup
情報: Migrating schema "PUBLIC" to version "3 - Jar symbols"
8月 29, 2023 10:51:08 午前 org.flywaydb.core.internal.command.DbMigrate doMigrateGroup
情報: Migrating schema "PUBLIC" to version "4 - Fingerprints"
8月 29, 2023 10:51:08 午前 org.flywaydb.core.internal.command.DbMigrate logSummary
情報: Successfully applied 4 migrations to schema "PUBLIC", now at version v4 (execution time 00:00.024s)
8月 29, 2023 10:51:08 午前 org.flywaydb.core.internal.database.base.BaseDatabaseType createDatabase
情報: Database: jdbc:h2:file:/Users/ryusuke/Downloads/study/仕事関連/scala/.metals/metals (H2 2.1)
8月 29, 2023 10:51:08 午前 org.flywaydb.core.internal.command.DbValidate validate
情報: Successfully validated 4 migrations (execution time 00:00.005s)
8月 29, 2023 10:51:08 午前 org.flywaydb.core.internal.command.DbMigrate migrateGroup
情報: Current version of schema "PUBLIC": 4
8月 29, 2023 10:51:08 午前 org.flywaydb.core.internal.command.DbMigrate logSummary
情報: Schema "PUBLIC" is up to date. No migration necessary.
2023.08.29 10:51:09 INFO  time: initialize in 0.96s
2023.08.29 10:51:11 WARN  Build server is not auto-connectable.
2023.08.29 10:51:11 WARN  no build tool detected in workspace '/Users/ryusuke/Downloads/study/data_competition/nishika_金融時系列予測/NishikaFinancialPrediction'. The most common cause for this problem is that the editor was opened in the wrong working directory, for example if you use sbt then the workspace directory should contain build.sbt. 
2023.08.29 10:51:11 INFO  Attempting to connect to the build server...
2023.08.29 10:51:11 INFO  Running BSP server List(/Users/ryusuke/Library/Application Support/Coursier/bin/.scala-cli.aux, bsp, --json-options, /Users/ryusuke/Downloads/study/仕事関連/scala/.scala-build/ide-options-v2.json, /Users/ryusuke/Downloads/study/仕事関連/scala)
2023.08.29 10:51:11 WARN  No build session currently active to reload.
2023.08.29 10:51:11 INFO  tracing is disabled for protocol BSP, to enable tracing of incoming and outgoing JSON messages create an empty file at /Users/ryusuke/Downloads/study/仕事関連/scala/.metals/bsp.trace.json or /Users/ryusuke/Library/Caches/org.scalameta.metals/bsp.trace.json
2023.08.29 10:51:12 INFO  BSP server: Checking https://repo1.maven.org/maven2/org/scala-lang/scala-library/maven-metadata.xml
2023.08.29 10:51:12 INFO  BSP server: Checked https://repo1.maven.org/maven2/org/scala-lang/scala-library/maven-metadata.xml
2023.08.29 10:51:12 INFO  BSP server: Downloading https://repo1.maven.org/maven2/org/scala-lang/scala-library/maven-metadata.xml
2023.08.29 10:51:12 INFO  BSP server: Downloaded https://repo1.maven.org/maven2/org/scala-lang/scala-library/maven-metadata.xml
2023.08.29 10:51:12 INFO  BSP server: Checking https://repo1.maven.org/maven2/org/scala-lang/scala3-library_3/maven-metadata.xml
2023.08.29 10:51:12 INFO  BSP server: Checked https://repo1.maven.org/maven2/org/scala-lang/scala3-library_3/maven-metadata.xml
2023.08.29 10:51:12 INFO  BSP server: Downloading https://repo1.maven.org/maven2/org/scala-lang/scala3-library_3/maven-metadata.xml
2023.08.29 10:51:12 INFO  BSP server: Downloaded https://repo1.maven.org/maven2/org/scala-lang/scala3-library_3/maven-metadata.xml
2023.08.29 10:51:13 INFO  BSP server: Checking https://github.com/VirtusLab/scala-cli-scala-versions/raw/main/scala-versions-v1.json
2023.08.29 10:51:13 INFO  BSP server: Checked https://github.com/VirtusLab/scala-cli-scala-versions/raw/main/scala-versions-v1.json
2023.08.29 10:51:13 INFO  BSP server: Downloading https://github.com/VirtusLab/scala-cli-scala-versions/raw/main/scala-versions-v1.json
2023.08.29 10:51:13 INFO  BSP server: Downloaded https://github.com/VirtusLab/scala-cli-scala-versions/raw/main/scala-versions-v1.json
2023.08.29 10:51:13 INFO  BSP server: Checking https://github.com/coursier/jvm-index/raw/master/index.json
2023.08.29 10:51:13 INFO  BSP server: Checked https://github.com/coursier/jvm-index/raw/master/index.json
2023.08.29 10:51:13 INFO  BSP server: Downloading https://github.com/coursier/jvm-index/raw/master/index.json
2023.08.29 10:51:13 INFO  BSP server: Downloaded https://github.com/coursier/jvm-index/raw/master/index.json
2023.08.29 10:51:31 ERROR Timeout waiting for 'build/initialize' response
2023.08.29 10:51:31 WARN  Retrying connection to the build server scala-cli
2023.08.29 10:51:31 INFO  Running BSP server List(/Users/ryusuke/Library/Application Support/Coursier/bin/.scala-cli.aux, bsp, --json-options, /Users/ryusuke/Downloads/study/仕事関連/scala/.scala-build/ide-options-v2.json, /Users/ryusuke/Downloads/study/仕事関連/scala)
2023.08.29 10:51:31 INFO  tracing is disabled for protocol BSP, to enable tracing of incoming and outgoing JSON messages create an empty file at /Users/ryusuke/Downloads/study/仕事関連/scala/.metals/bsp.trace.json or /Users/ryusuke/Library/Caches/org.scalameta.metals/bsp.trace.json
2023.08.29 10:51:32 INFO  BSP server: Checking https://repo1.maven.org/maven2/org/scala-lang/scala-library/maven-metadata.xml
2023.08.29 10:51:32 INFO  BSP server: Checked https://repo1.maven.org/maven2/org/scala-lang/scala-library/maven-metadata.xml
2023.08.29 10:51:32 INFO  BSP server: Downloading https://repo1.maven.org/maven2/org/scala-lang/scala-library/maven-metadata.xml
2023.08.29 10:51:32 INFO  BSP server: Downloaded https://repo1.maven.org/maven2/org/scala-lang/scala-library/maven-metadata.xml
2023.08.29 10:51:32 INFO  BSP server: Checking https://repo1.maven.org/maven2/org/scala-lang/scala3-library_3/maven-metadata.xml
2023.08.29 10:51:32 INFO  BSP server: Checked https://repo1.maven.org/maven2/org/scala-lang/scala3-library_3/maven-metadata.xml
2023.08.29 10:51:32 INFO  BSP server: Downloading https://repo1.maven.org/maven2/org/scala-lang/scala3-library_3/maven-metadata.xml
2023.08.29 10:51:32 INFO  BSP server: Downloaded https://repo1.maven.org/maven2/org/scala-lang/scala3-library_3/maven-metadata.xml
2023.08.29 10:51:32 INFO  BSP server: Checking https://github.com/VirtusLab/scala-cli-scala-versions/raw/main/scala-versions-v1.json
2023.08.29 10:51:32 INFO  BSP server: Checked https://github.com/VirtusLab/scala-cli-scala-versions/raw/main/scala-versions-v1.json
2023.08.29 10:51:32 INFO  BSP server: Downloading https://github.com/VirtusLab/scala-cli-scala-versions/raw/main/scala-versions-v1.json
2023.08.29 10:51:32 INFO  BSP server: Downloaded https://github.com/VirtusLab/scala-cli-scala-versions/raw/main/scala-versions-v1.json
2023.08.29 10:51:32 INFO  BSP server: Checking https://github.com/coursier/jvm-index/raw/master/index.json
2023.08.29 10:51:32 INFO  BSP server: Checked https://github.com/coursier/jvm-index/raw/master/index.json
2023.08.29 10:51:32 INFO  BSP server: Downloading https://github.com/coursier/jvm-index/raw/master/index.json
2023.08.29 10:51:32 INFO  BSP server: Downloaded https://github.com/coursier/jvm-index/raw/master/index.json
2023.08.29 10:51:51 ERROR Timeout waiting for 'build/initialize' response
2023.08.29 10:51:51 WARN  Retrying connection to the build server scala-cli
2023.08.29 10:51:51 INFO  Running BSP server List(/Users/ryusuke/Library/Application Support/Coursier/bin/.scala-cli.aux, bsp, --json-options, /Users/ryusuke/Downloads/study/仕事関連/scala/.scala-build/ide-options-v2.json, /Users/ryusuke/Downloads/study/仕事関連/scala)
2023.08.29 10:51:51 INFO  tracing is disabled for protocol BSP, to enable tracing of incoming and outgoing JSON messages create an empty file at /Users/ryusuke/Downloads/study/仕事関連/scala/.metals/bsp.trace.json or /Users/ryusuke/Library/Caches/org.scalameta.metals/bsp.trace.json
2023.08.29 10:51:52 INFO  BSP server: Checking https://repo1.maven.org/maven2/org/scala-lang/scala-library/maven-metadata.xml
2023.08.29 10:51:52 INFO  BSP server: Checked https://repo1.maven.org/maven2/org/scala-lang/scala-library/maven-metadata.xml
2023.08.29 10:51:52 INFO  BSP server: Downloading https://repo1.maven.org/maven2/org/scala-lang/scala-library/maven-metadata.xml
2023.08.29 10:51:52 INFO  BSP server: Downloaded https://repo1.maven.org/maven2/org/scala-lang/scala-library/maven-metadata.xml
2023.08.29 10:51:52 INFO  BSP server: Checking https://repo1.maven.org/maven2/org/scala-lang/scala3-library_3/maven-metadata.xml
2023.08.29 10:51:52 INFO  BSP server: Checked https://repo1.maven.org/maven2/org/scala-lang/scala3-library_3/maven-metadata.xml
2023.08.29 10:51:52 INFO  BSP server: Downloading https://repo1.maven.org/maven2/org/scala-lang/scala3-library_3/maven-metadata.xml
2023.08.29 10:51:52 INFO  BSP server: Downloaded https://repo1.maven.org/maven2/org/scala-lang/scala3-library_3/maven-metadata.xml
2023.08.29 10:51:52 INFO  BSP server: Checking https://github.com/VirtusLab/scala-cli-scala-versions/raw/main/scala-versions-v1.json
2023.08.29 10:51:52 INFO  BSP server: Checked https://github.com/VirtusLab/scala-cli-scala-versions/raw/main/scala-versions-v1.json
2023.08.29 10:51:52 INFO  BSP server: Downloading https://github.com/VirtusLab/scala-cli-scala-versions/raw/main/scala-versions-v1.json
2023.08.29 10:51:52 INFO  BSP server: Downloaded https://github.com/VirtusLab/scala-cli-scala-versions/raw/main/scala-versions-v1.json
2023.08.29 10:51:52 INFO  BSP server: Checking https://github.com/coursier/jvm-index/raw/master/index.json
2023.08.29 10:51:52 INFO  BSP server: Checked https://github.com/coursier/jvm-index/raw/master/index.json
2023.08.29 10:51:52 INFO  BSP server: Downloading https://github.com/coursier/jvm-index/raw/master/index.json
2023.08.29 10:51:52 INFO  BSP server: Downloaded https://github.com/coursier/jvm-index/raw/master/index.json
2023.08.29 10:52:11 ERROR Timeout waiting for 'build/initialize' response
2023.08.29 10:52:11 WARN  Retrying connection to the build server scala-cli
2023.08.29 10:52:11 INFO  Running BSP server List(/Users/ryusuke/Library/Application Support/Coursier/bin/.scala-cli.aux, bsp, --json-options, /Users/ryusuke/Downloads/study/仕事関連/scala/.scala-build/ide-options-v2.json, /Users/ryusuke/Downloads/study/仕事関連/scala)
2023.08.29 10:52:11 INFO  tracing is disabled for protocol BSP, to enable tracing of incoming and outgoing JSON messages create an empty file at /Users/ryusuke/Downloads/study/仕事関連/scala/.metals/bsp.trace.json or /Users/ryusuke/Library/Caches/org.scalameta.metals/bsp.trace.json
2023.08.29 10:52:12 INFO  BSP server: Checking https://repo1.maven.org/maven2/org/scala-lang/scala-library/maven-metadata.xml
2023.08.29 10:52:12 INFO  BSP server: Checked https://repo1.maven.org/maven2/org/scala-lang/scala-library/maven-metadata.xml
2023.08.29 10:52:12 INFO  BSP server: Downloading https://repo1.maven.org/maven2/org/scala-lang/scala-library/maven-metadata.xml
2023.08.29 10:52:12 INFO  BSP server: Downloaded https://repo1.maven.org/maven2/org/scala-lang/scala-library/maven-metadata.xml
2023.08.29 10:52:12 INFO  BSP server: Checking https://repo1.maven.org/maven2/org/scala-lang/scala3-library_3/maven-metadata.xml
2023.08.29 10:52:12 INFO  BSP server: Checked https://repo1.maven.org/maven2/org/scala-lang/scala3-library_3/maven-metadata.xml
2023.08.29 10:52:12 INFO  BSP server: Downloading https://repo1.maven.org/maven2/org/scala-lang/scala3-library_3/maven-metadata.xml
2023.08.29 10:52:12 INFO  BSP server: Downloaded https://repo1.maven.org/maven2/org/scala-lang/scala3-library_3/maven-metadata.xml
2023.08.29 10:52:12 INFO  BSP server: Checking https://github.com/VirtusLab/scala-cli-scala-versions/raw/main/scala-versions-v1.json
2023.08.29 10:52:12 INFO  BSP server: Checked https://github.com/VirtusLab/scala-cli-scala-versions/raw/main/scala-versions-v1.json
2023.08.29 10:52:12 INFO  BSP server: Downloading https://github.com/VirtusLab/scala-cli-scala-versions/raw/main/scala-versions-v1.json
2023.08.29 10:52:12 INFO  BSP server: Downloaded https://github.com/VirtusLab/scala-cli-scala-versions/raw/main/scala-versions-v1.json
2023.08.29 10:52:12 INFO  BSP server: Checking https://github.com/coursier/jvm-index/raw/master/index.json
2023.08.29 10:52:12 INFO  BSP server: Checked https://github.com/coursier/jvm-index/raw/master/index.json
2023.08.29 10:52:12 INFO  BSP server: Downloading https://github.com/coursier/jvm-index/raw/master/index.json
2023.08.29 10:52:12 INFO  BSP server: Downloaded https://github.com/coursier/jvm-index/raw/master/index.json
2023.08.29 10:52:31 ERROR Timeout waiting for 'build/initialize' response
2023.08.29 10:52:31 WARN  Retrying connection to the build server scala-cli
2023.08.29 10:52:31 INFO  Running BSP server List(/Users/ryusuke/Library/Application Support/Coursier/bin/.scala-cli.aux, bsp, --json-options, /Users/ryusuke/Downloads/study/仕事関連/scala/.scala-build/ide-options-v2.json, /Users/ryusuke/Downloads/study/仕事関連/scala)
2023.08.29 10:52:31 INFO  tracing is disabled for protocol BSP, to enable tracing of incoming and outgoing JSON messages create an empty file at /Users/ryusuke/Downloads/study/仕事関連/scala/.metals/bsp.trace.json or /Users/ryusuke/Library/Caches/org.scalameta.metals/bsp.trace.json
2023.08.29 10:52:33 INFO  BSP server: Checking https://repo1.maven.org/maven2/org/scala-lang/scala-library/maven-metadata.xml
2023.08.29 10:52:33 INFO  BSP server: Checked https://repo1.maven.org/maven2/org/scala-lang/scala-library/maven-metadata.xml
2023.08.29 10:52:33 INFO  BSP server: Downloading https://repo1.maven.org/maven2/org/scala-lang/scala-library/maven-metadata.xml
2023.08.29 10:52:33 INFO  BSP server: Downloaded https://repo1.maven.org/maven2/org/scala-lang/scala-library/maven-metadata.xml
2023.08.29 10:52:33 INFO  BSP server: Checking https://repo1.maven.org/maven2/org/scala-lang/scala3-library_3/maven-metadata.xml
2023.08.29 10:52:33 INFO  BSP server: Checked https://repo1.maven.org/maven2/org/scala-lang/scala3-library_3/maven-metadata.xml
2023.08.29 10:52:33 INFO  BSP server: Downloading https://repo1.maven.org/maven2/org/scala-lang/scala3-library_3/maven-metadata.xml
2023.08.29 10:52:33 INFO  BSP server: Downloaded https://repo1.maven.org/maven2/org/scala-lang/scala3-library_3/maven-metadata.xml
2023.08.29 10:52:33 INFO  BSP server: Checking https://github.com/VirtusLab/scala-cli-scala-versions/raw/main/scala-versions-v1.json
2023.08.29 10:52:33 INFO  BSP server: Checked https://github.com/VirtusLab/scala-cli-scala-versions/raw/main/scala-versions-v1.json
2023.08.29 10:52:33 INFO  BSP server: Downloading https://github.com/VirtusLab/scala-cli-scala-versions/raw/main/scala-versions-v1.json
2023.08.29 10:52:33 INFO  BSP server: Downloaded https://github.com/VirtusLab/scala-cli-scala-versions/raw/main/scala-versions-v1.json
2023.08.29 10:52:33 INFO  BSP server: Checking https://github.com/coursier/jvm-index/raw/master/index.json
2023.08.29 10:52:33 INFO  BSP server: Checked https://github.com/coursier/jvm-index/raw/master/index.json
2023.08.29 10:52:33 INFO  BSP server: Downloading https://github.com/coursier/jvm-index/raw/master/index.json
2023.08.29 10:52:33 INFO  BSP server: Downloaded https://github.com/coursier/jvm-index/raw/master/index.json
2023.08.29 10:52:51 ERROR Timeout waiting for 'build/initialize' response
2023.08.29 10:52:51 WARN  Retrying connection to the build server scala-cli
2023.08.29 10:52:51 INFO  Running BSP server List(/Users/ryusuke/Library/Application Support/Coursier/bin/.scala-cli.aux, bsp, --json-options, /Users/ryusuke/Downloads/study/仕事関連/scala/.scala-build/ide-options-v2.json, /Users/ryusuke/Downloads/study/仕事関連/scala)
2023.08.29 10:52:51 INFO  tracing is disabled for protocol BSP, to enable tracing of incoming and outgoing JSON messages create an empty file at /Users/ryusuke/Downloads/study/仕事関連/scala/.metals/bsp.trace.json or /Users/ryusuke/Library/Caches/org.scalameta.metals/bsp.trace.json
2023.08.29 10:52:52 INFO  BSP server: Checking https://repo1.maven.org/maven2/org/scala-lang/scala-library/maven-metadata.xml
2023.08.29 10:52:52 INFO  BSP server: Checked https://repo1.maven.org/maven2/org/scala-lang/scala-library/maven-metadata.xml
2023.08.29 10:52:52 INFO  BSP server: Downloading https://repo1.maven.org/maven2/org/scala-lang/scala-library/maven-metadata.xml
2023.08.29 10:52:52 INFO  BSP server: Downloaded https://repo1.maven.org/maven2/org/scala-lang/scala-library/maven-metadata.xml
2023.08.29 10:52:52 INFO  BSP server: Checking https://repo1.maven.org/maven2/org/scala-lang/scala3-library_3/maven-metadata.xml
2023.08.29 10:52:52 INFO  BSP server: Checked https://repo1.maven.org/maven2/org/scala-lang/scala3-library_3/maven-metadata.xml
2023.08.29 10:52:52 INFO  BSP server: Downloading https://repo1.maven.org/maven2/org/scala-lang/scala3-library_3/maven-metadata.xml
2023.08.29 10:52:52 INFO  BSP server: Downloaded https://repo1.maven.org/maven2/org/scala-lang/scala3-library_3/maven-metadata.xml
2023.08.29 10:52:52 INFO  BSP server: Checking https://github.com/VirtusLab/scala-cli-scala-versions/raw/main/scala-versions-v1.json
2023.08.29 10:52:52 INFO  BSP server: Checked https://github.com/VirtusLab/scala-cli-scala-versions/raw/main/scala-versions-v1.json
2023.08.29 10:52:52 INFO  BSP server: Downloading https://github.com/VirtusLab/scala-cli-scala-versions/raw/main/scala-versions-v1.json
2023.08.29 10:52:52 INFO  BSP server: Downloaded https://github.com/VirtusLab/scala-cli-scala-versions/raw/main/scala-versions-v1.json
2023.08.29 10:52:52 INFO  BSP server: Checking https://github.com/coursier/jvm-index/raw/master/index.json
2023.08.29 10:52:52 INFO  BSP server: Checked https://github.com/coursier/jvm-index/raw/master/index.json
2023.08.29 10:52:52 INFO  BSP server: Downloading https://github.com/coursier/jvm-index/raw/master/index.json
2023.08.29 10:52:52 INFO  BSP server: Downloaded https://github.com/coursier/jvm-index/raw/master/index.json
2023.08.29 10:53:11 ERROR Timeout waiting for 'build/initialize' response
2023.08.29 10:53:11 ERROR Failed to connect with build server, no functionality will work.
java.util.concurrent.TimeoutException
	at java.util.concurrent.CompletableFuture.timedGet(CompletableFuture.java:1950)
	at java.util.concurrent.CompletableFuture.get(CompletableFuture.java:2085)
	at scala.meta.internal.metals.BuildServerConnection$.initialize(BuildServerConnection.scala:530)
	at scala.meta.internal.metals.BuildServerConnection$.$anonfun$fromSockets$1(BuildServerConnection.scala:439)
	at scala.concurrent.impl.Promise$Transformation.run(Promise.scala:467)
	at java.util.concurrent.ThreadPoolExecutor.runWorker(ThreadPoolExecutor.java:1130)
	at java.util.concurrent.ThreadPoolExecutor$Worker.run(ThreadPoolExecutor.java:630)
	at java.lang.Thread.run(Thread.java:832)

2023.08.29 10:53:35 WARN  no build target for: /Users/ryusuke/Downloads/study/仕事関連/scala/chapter10/traversable.scala
2023.08.29 10:53:39 INFO  no build target found for /Users/ryusuke/Downloads/study/仕事関連/scala/chapter10/traversable.scala. Using presentation compiler with project's scala-library version: 3.3.0
2023.08.29 10:53:40 INFO  time: code lens generation in 4.9s
2023.08.29 11:06:08 WARN  no build target for: /Users/ryusuke/Downloads/study/仕事関連/scala/chapter10/traversable.scala
2023.08.29 11:16:47 WARN  no build target for: /Users/ryusuke/Downloads/study/仕事関連/scala/chapter10/traversable.scala
8月 29, 2023 11:17:20 午前 org.eclipse.lsp4j.jsonrpc.RemoteEndpoint handleCancellation
警告: Unmatched cancel notification for request id 618
2023.08.29 18:23:15 WARN  no build target for: /Users/ryusuke/Downloads/study/仕事関連/scala/chapter10/traversable.scala
9月 04, 2023 9:34:01 午後 org.eclipse.lsp4j.jsonrpc.services.GenericEndpoint notify
情報: Unsupported notification method: $/setTrace
9月 04, 2023 9:34:16 午後 org.eclipse.lsp4j.jsonrpc.services.GenericEndpoint notify
情報: Unsupported notification method: $/setTrace
9月 04, 2023 9:42:32 午後 org.eclipse.lsp4j.jsonrpc.services.GenericEndpoint notify
情報: Unsupported notification method: $/setTrace
2023.09.04 21:44:31 INFO  Shutting down server
2023.09.04 21:44:31 INFO  shutting down Metals
2023.09.04 21:44:31 INFO  Exiting server
